\BOOKMARK [0][-]{chapter.1}{Introduction}{}% 1
\BOOKMARK [1][-]{section.1.1}{Motivation}{chapter.1}% 2
\BOOKMARK [1][-]{section.1.2}{Scientific question}{chapter.1}% 3
\BOOKMARK [1][-]{section.1.3}{Structure of the Thesis}{chapter.1}% 4
\BOOKMARK [0][-]{chapter.2}{Related work}{}% 5
\BOOKMARK [0][-]{chapter.3}{Theoretical background}{}% 6
\BOOKMARK [1][-]{section.3.1}{Influence Map}{chapter.3}% 7
\BOOKMARK [2][-]{subsection.3.1.1}{Simple Influence}{section.3.1}% 8
\BOOKMARK [2][-]{subsection.3.1.2}{Calculating the Influence}{section.3.1}% 9
\BOOKMARK [2][-]{subsection.3.1.3}{Dealing with unknowns}{section.3.1}% 10
\BOOKMARK [2][-]{subsection.3.1.4}{Influence Map Setup}{section.3.1}% 11
\BOOKMARK [1][-]{section.3.2}{Blur }{chapter.3}% 12
\BOOKMARK [1][-]{section.3.3}{Waypoints}{chapter.3}% 13
\BOOKMARK [0][-]{chapter.4}{Experimental setup}{}% 14
\BOOKMARK [1][-]{section.4.1}{Game mode adjustments}{chapter.4}% 15
\BOOKMARK [1][-]{section.4.2}{Assumption}{chapter.4}% 16
\BOOKMARK [1][-]{section.4.3}{Rules of the game}{chapter.4}% 17
\BOOKMARK [2][-]{subsection.4.3.1}{Playing field construction}{section.4.3}% 18
\BOOKMARK [3][-]{subsubsection.4.3.1.1}{Open map structure}{subsection.4.3.1}% 19
\BOOKMARK [3][-]{subsubsection.4.3.1.2}{Closed map Structure}{subsection.4.3.1}% 20
\BOOKMARK [2][-]{subsection.4.3.2}{Randomness factor}{section.4.3}% 21
\BOOKMARK [0][-]{chapter.5}{Results}{}% 22
\BOOKMARK [1][-]{section.5.1}{Open map}{chapter.5}% 23
\BOOKMARK [2][-]{subsection.5.1.1}{Shared vs Unshared}{section.5.1}% 24
\BOOKMARK [2][-]{subsection.5.1.2}{Unshared vs Shared}{section.5.1}% 25
\BOOKMARK [2][-]{subsection.5.1.3}{Shared vs Shared}{section.5.1}% 26
\BOOKMARK [2][-]{subsection.5.1.4}{Unshared vs Unshared}{section.5.1}% 27
\BOOKMARK [1][-]{section.5.2}{Closed map}{chapter.5}% 28
\BOOKMARK [2][-]{subsection.5.2.1}{Shared vs Unshared}{section.5.2}% 29
\BOOKMARK [2][-]{subsection.5.2.2}{Unshared vs Shared}{section.5.2}% 30
\BOOKMARK [2][-]{subsection.5.2.3}{Shared vs Shared}{section.5.2}% 31
\BOOKMARK [2][-]{subsection.5.2.4}{Unshared vs Unshared}{section.5.2}% 32
\BOOKMARK [0][-]{chapter.6}{Discussion}{}% 33
\BOOKMARK [0][-]{chapter.7}{Conclusion}{}% 34
\BOOKMARK [0][-]{chapter.8}{Lists}{}% 35
