This is pdfTeX, Version 3.14159265-2.6-1.40.21 (MiKTeX 20.12) (preloaded format=pdflatex 2020.12.16)  27 AUG 2021 17:21
entering extended mode
**./template_Article.tex
(template_Article.tex
LaTeX2e <2020-10-01> patch level 2
L3 programming layer <2020-12-07> xparse <2020-03-03>
(C:\Users\fredd\AppData\Local\Programs\MiKTeX\tex/latex/base\report.cls
Document Class: report 2020/04/10 v1.4m Standard LaTeX document class
(C:\Users\fredd\AppData\Local\Programs\MiKTeX\tex/latex/base\size10.clo
File: size10.clo 2020/04/10 v1.4m Standard LaTeX file (size option)
)
\c@part=\count177
\c@chapter=\count178
\c@section=\count179
\c@subsection=\count180
\c@subsubsection=\count181
\c@paragraph=\count182
\c@subparagraph=\count183
\c@figure=\count184
\c@table=\count185
\abovecaptionskip=\skip47
\belowcaptionskip=\skip48
\bibindent=\dimen138
)
(C:\Users\fredd\AppData\Local\Programs\MiKTeX\tex/latex/float\float.sty
Package: float 2001/11/08 v1.3d Float enhancements (AL)
\c@float@type=\count186
\float@exts=\toks15
\float@box=\box47
\@float@everytoks=\toks16
\@floatcapt=\box48
)
(C:\Users\fredd\AppData\Local\Programs\MiKTeX\tex/latex/amsmath\amsmath.sty
Package: amsmath 2020/09/23 v2.17i AMS math features
\@mathmargin=\skip49

For additional information on amsmath, use the `?' option.
(C:\Users\fredd\AppData\Local\Programs\MiKTeX\tex/latex/amsmath\amstext.sty
Package: amstext 2000/06/29 v2.01 AMS text

(C:\Users\fredd\AppData\Local\Programs\MiKTeX\tex/latex/amsmath\amsgen.sty
File: amsgen.sty 1999/11/30 v2.0 generic functions
\@emptytoks=\toks17
\ex@=\dimen139
))
(C:\Users\fredd\AppData\Local\Programs\MiKTeX\tex/latex/amsmath\amsbsy.sty
Package: amsbsy 1999/11/29 v1.2d Bold Symbols
\pmbraise@=\dimen140
)
(C:\Users\fredd\AppData\Local\Programs\MiKTeX\tex/latex/amsmath\amsopn.sty
Package: amsopn 2016/03/08 v2.02 operator names
)
\inf@bad=\count187
LaTeX Info: Redefining \frac on input line 234.
\uproot@=\count188
\leftroot@=\count189
LaTeX Info: Redefining \overline on input line 399.
\classnum@=\count190
\DOTSCASE@=\count191
LaTeX Info: Redefining \ldots on input line 496.
LaTeX Info: Redefining \dots on input line 499.
LaTeX Info: Redefining \cdots on input line 620.
\Mathstrutbox@=\box49
\strutbox@=\box50
\big@size=\dimen141
LaTeX Font Info:    Redeclaring font encoding OML on input line 743.
LaTeX Font Info:    Redeclaring font encoding OMS on input line 744.
\macc@depth=\count192
\c@MaxMatrixCols=\count193
\dotsspace@=\muskip16
\c@parentequation=\count194
\dspbrk@lvl=\count195
\tag@help=\toks18
\row@=\count196
\column@=\count197
\maxfields@=\count198
\andhelp@=\toks19
\eqnshift@=\dimen142
\alignsep@=\dimen143
\tagshift@=\dimen144
\tagwidth@=\dimen145
\totwidth@=\dimen146
\lineht@=\dimen147
\@envbody=\toks20
\multlinegap=\skip50
\multlinetaggap=\skip51
\mathdisplay@stack=\toks21
LaTeX Info: Redefining \[ on input line 2923.
LaTeX Info: Redefining \] on input line 2924.
)
(C:\Users\fredd\AppData\Local\Programs\MiKTeX\tex/latex/amsfonts\amsfonts.sty
Package: amsfonts 2013/01/14 v3.01 Basic AMSFonts support
\symAMSa=\mathgroup4
\symAMSb=\mathgroup5
LaTeX Font Info:    Redeclaring math symbol \hbar on input line 98.
LaTeX Font Info:    Overwriting math alphabet `\mathfrak' in version `bold'
(Font)                  U/euf/m/n --> U/euf/b/n on input line 106.
)
(C:\Users\fredd\AppData\Local\Programs\MiKTeX\tex/latex/graphics\graphicx.sty
Package: graphicx 2020/09/09 v1.2b Enhanced LaTeX Graphics (DPC,SPQR)

(C:\Users\fredd\AppData\Local\Programs\MiKTeX\tex/latex/graphics\keyval.sty
Package: keyval 2014/10/28 v1.15 key=value parser (DPC)
\KV@toks@=\toks22
)
(C:\Users\fredd\AppData\Local\Programs\MiKTeX\tex/latex/graphics\graphics.sty
Package: graphics 2020/08/30 v1.4c Standard LaTeX Graphics (DPC,SPQR)

(C:\Users\fredd\AppData\Local\Programs\MiKTeX\tex/latex/graphics\trig.sty
Package: trig 2016/01/03 v1.10 sin cos tan (DPC)
)
(C:\Users\fredd\AppData\Local\Programs\MiKTeX\tex/latex/graphics-cfg\graphics.c
fg
File: graphics.cfg 2016/06/04 v1.11 sample graphics configuration
)
Package graphics Info: Driver file: pdftex.def on input line 105.

(C:\Users\fredd\AppData\Local\Programs\MiKTeX\tex/latex/graphics-def\pdftex.def
File: pdftex.def 2020/10/05 v1.2a Graphics/color driver for pdftex
))
\Gin@req@height=\dimen148
\Gin@req@width=\dimen149
)
(C:\Users\fredd\AppData\Local\Programs\MiKTeX\tex/latex/hyperref\hyperref.sty
Package: hyperref 2020-05-15 v7.00e Hypertext links for LaTeX

(C:\Users\fredd\AppData\Local\Programs\MiKTeX\tex/generic/ltxcmds\ltxcmds.sty
Package: ltxcmds 2020-05-10 v1.25 LaTeX kernel commands for general use (HO)
)
(C:\Users\fredd\AppData\Local\Programs\MiKTeX\tex/generic/iftex\iftex.sty
Package: iftex 2020/03/06 v1.0d TeX engine tests
)
(C:\Users\fredd\AppData\Local\Programs\MiKTeX\tex/generic/pdftexcmds\pdftexcmds
.sty
Package: pdftexcmds 2020-06-27 v0.33 Utility functions of pdfTeX for LuaTeX (HO
)

(C:\Users\fredd\AppData\Local\Programs\MiKTeX\tex/generic/infwarerr\infwarerr.s
ty
Package: infwarerr 2019/12/03 v1.5 Providing info/warning/error messages (HO)
)
Package pdftexcmds Info: \pdf@primitive is available.
Package pdftexcmds Info: \pdf@ifprimitive is available.
Package pdftexcmds Info: \pdfdraftmode found.
)
(C:\Users\fredd\AppData\Local\Programs\MiKTeX\tex/generic/kvsetkeys\kvsetkeys.s
ty
Package: kvsetkeys 2019/12/15 v1.18 Key value parser (HO)
)
(C:\Users\fredd\AppData\Local\Programs\MiKTeX\tex/generic/kvdefinekeys\kvdefine
keys.sty
Package: kvdefinekeys 2019-12-19 v1.6 Define keys (HO)
)
(C:\Users\fredd\AppData\Local\Programs\MiKTeX\tex/generic/pdfescape\pdfescape.s
ty
Package: pdfescape 2019/12/09 v1.15 Implements pdfTeX's escape features (HO)
) (C:\Users\fredd\AppData\Local\Programs\MiKTeX\tex/latex/hycolor\hycolor.sty
Package: hycolor 2020-01-27 v1.10 Color options for hyperref/bookmark (HO)
)
(C:\Users\fredd\AppData\Local\Programs\MiKTeX\tex/latex/letltxmacro\letltxmacro
.sty
Package: letltxmacro 2019/12/03 v1.6 Let assignment for LaTeX macros (HO)
)
(C:\Users\fredd\AppData\Local\Programs\MiKTeX\tex/latex/auxhook\auxhook.sty
Package: auxhook 2019-12-17 v1.6 Hooks for auxiliary files (HO)
)
(C:\Users\fredd\AppData\Local\Programs\MiKTeX\tex/latex/kvoptions\kvoptions.sty
Package: kvoptions 2020-10-07 v3.14 Key value format for package options (HO)
)
\@linkdim=\dimen150
\Hy@linkcounter=\count199
\Hy@pagecounter=\count266
 (C:\Users\fredd\AppData\Local\Programs\MiKTeX\tex/latex/hyperref\pd1enc.def
File: pd1enc.def 2020-05-15 v7.00e Hyperref: PDFDocEncoding definition (HO)
Now handling font encoding PD1 ...
... no UTF-8 mapping file for font encoding PD1
)
(C:\Users\fredd\AppData\Local\Programs\MiKTeX\tex/generic/intcalc\intcalc.sty
Package: intcalc 2019/12/15 v1.3 Expandable calculations with integers (HO)
)
(C:\Users\fredd\AppData\Local\Programs\MiKTeX\tex/generic/etexcmds\etexcmds.sty
Package: etexcmds 2019/12/15 v1.7 Avoid name clashes with e-TeX commands (HO)
)
\Hy@SavedSpaceFactor=\count267
Package hyperref Info: Hyper figures OFF on input line 4464.
Package hyperref Info: Link nesting OFF on input line 4469.
Package hyperref Info: Hyper index ON on input line 4472.
Package hyperref Info: Plain pages OFF on input line 4479.
Package hyperref Info: Backreferencing OFF on input line 4484.
Package hyperref Info: Implicit mode ON; LaTeX internals redefined.
Package hyperref Info: Bookmarks ON on input line 4717.
\c@Hy@tempcnt=\count268
 (C:\Users\fredd\AppData\Local\Programs\MiKTeX\tex/latex/url\url.sty
\Urlmuskip=\muskip17
Package: url 2013/09/16  ver 3.4  Verb mode for urls, etc.
)
LaTeX Info: Redefining \url on input line 5076.
\XeTeXLinkMargin=\dimen151

(C:\Users\fredd\AppData\Local\Programs\MiKTeX\tex/generic/bitset\bitset.sty
Package: bitset 2019/12/09 v1.3 Handle bit-vector datatype (HO)

(C:\Users\fredd\AppData\Local\Programs\MiKTeX\tex/generic/bigintcalc\bigintcalc
.sty
Package: bigintcalc 2019/12/15 v1.5 Expandable calculations on big integers (HO
)
))
\Fld@menulength=\count269
\Field@Width=\dimen152
\Fld@charsize=\dimen153
Package hyperref Info: Hyper figures OFF on input line 6347.
Package hyperref Info: Link nesting OFF on input line 6352.
Package hyperref Info: Hyper index ON on input line 6355.
Package hyperref Info: backreferencing OFF on input line 6362.
Package hyperref Info: Link coloring OFF on input line 6367.
Package hyperref Info: Link coloring with OCG OFF on input line 6372.
Package hyperref Info: PDF/A mode OFF on input line 6377.
LaTeX Info: Redefining \ref on input line 6417.
LaTeX Info: Redefining \pageref on input line 6421.

(C:\Users\fredd\AppData\Local\Programs\MiKTeX\tex/latex/base\atbegshi-ltx.sty
Package: atbegshi-ltx 2020/08/17 v1.0a Emulation of the original atbegshi packa
ge
with kernel methods
)
\Hy@abspage=\count270
\c@Item=\count271
\c@Hfootnote=\count272
)
Package hyperref Info: Driver (autodetected): hpdftex.
(C:\Users\fredd\AppData\Local\Programs\MiKTeX\tex/latex/hyperref\hpdftex.def
File: hpdftex.def 2020-05-15 v7.00e Hyperref driver for pdfTeX

(C:\Users\fredd\AppData\Local\Programs\MiKTeX\tex/latex/base\atveryend-ltx.sty
Package: atveryend-ltx 2020/08/19 v1.0a Emulation of the original atvery packag
e
with kernel methods
)
\Fld@listcount=\count273
\c@bookmark@seq@number=\count274

(C:\Users\fredd\AppData\Local\Programs\MiKTeX\tex/latex/rerunfilecheck\rerunfil
echeck.sty
Package: rerunfilecheck 2019/12/05 v1.9 Rerun checks for auxiliary files (HO)

(C:\Users\fredd\AppData\Local\Programs\MiKTeX\tex/generic/uniquecounter\uniquec
ounter.sty
Package: uniquecounter 2019/12/15 v1.4 Provide unlimited unique counter (HO)
)
Package uniquecounter Info: New unique counter `rerunfilecheck' on input line 2
86.
)
\Hy@SectionHShift=\skip52
)
(C:\Users\fredd\AppData\Local\Programs\MiKTeX\tex/latex/placeins\placeins.sty
Package: placeins 2005/04/18  v 2.2
)
(C:\Users\fredd\AppData\Local\Programs\MiKTeX\tex/latex/natbib\natbib.sty
Package: natbib 2010/09/13 8.31b (PWD, AO)
\bibhang=\skip53
\bibsep=\skip54
LaTeX Info: Redefining \cite on input line 694.
\c@NAT@ctr=\count275
)
(C:\Users\fredd\AppData\Local\Programs\MiKTeX\tex/latex/xcolor\xcolor.sty
Package: xcolor 2016/05/11 v2.12 LaTeX color extensions (UK)

(C:\Users\fredd\AppData\Local\Programs\MiKTeX\tex/latex/graphics-cfg\color.cfg
File: color.cfg 2016/01/02 v1.6 sample color configuration
)
Package xcolor Info: Driver file: pdftex.def on input line 225.
Package xcolor Info: Model `cmy' substituted by `cmy0' on input line 1348.
Package xcolor Info: Model `hsb' substituted by `rgb' on input line 1352.
Package xcolor Info: Model `RGB' extended on input line 1364.
Package xcolor Info: Model `HTML' substituted by `rgb' on input line 1366.
Package xcolor Info: Model `Hsb' substituted by `hsb' on input line 1367.
Package xcolor Info: Model `tHsb' substituted by `hsb' on input line 1368.
Package xcolor Info: Model `HSB' substituted by `hsb' on input line 1369.
Package xcolor Info: Model `Gray' substituted by `gray' on input line 1370.
Package xcolor Info: Model `wave' substituted by `hsb' on input line 1371.
(C:\Users\fredd\AppData\Local\Programs\MiKTeX\tex/latex/xcolor\svgnam.def
File: svgnam.def 2016/05/11 v2.12 Predefined colors according to SVG 1.1 (UK)
))
(C:\Users\fredd\AppData\Local\Programs\MiKTeX\tex/latex/underscore\underscore.s
ty
Package: underscore 2006/09/13
LaTeX Info: Redefining \_ on input line 42.
) (C:\Users\fredd\AppData\Local\Programs\MiKTeX\tex/latex/acronym\acronym.sty
Package: acronym 2020/04/17 v1.47 Support for acronyms (Tobias Oetiker)
(C:\Users\fredd\AppData\Local\Programs\MiKTeX\tex/latex/bigfoot\suffix.sty
Package: suffix 2006/07/15 1.5a Variant command support
)
(C:\Users\fredd\AppData\Local\Programs\MiKTeX\tex/latex/xstring\xstring.sty
(C:\Users\fredd\AppData\Local\Programs\MiKTeX\tex/generic/xstring\xstring.tex
\integerpart=\count276
\decimalpart=\count277
)
Package: xstring 2019/02/06 v1.83 String manipulations (CT)
)
\AC@clearlist=\toks23
)
(C:\Users\fredd\AppData\Local\Programs\MiKTeX\tex/latex/l3backend\l3backend-pdf
tex.def
File: l3backend-pdftex.def 2020-09-24 L3 backend support: PDF output (pdfTeX)
\l__kernel_color_stack_int=\count278
\l__pdf_internal_box=\box51
) (template_Article.aux)
\openout1 = `template_Article.aux'.

LaTeX Font Info:    Checking defaults for OML/cmm/m/it on input line 25.
LaTeX Font Info:    ... okay on input line 25.
LaTeX Font Info:    Checking defaults for OMS/cmsy/m/n on input line 25.
LaTeX Font Info:    ... okay on input line 25.
LaTeX Font Info:    Checking defaults for OT1/cmr/m/n on input line 25.
LaTeX Font Info:    ... okay on input line 25.
LaTeX Font Info:    Checking defaults for T1/cmr/m/n on input line 25.
LaTeX Font Info:    ... okay on input line 25.
LaTeX Font Info:    Checking defaults for TS1/cmr/m/n on input line 25.
LaTeX Font Info:    ... okay on input line 25.
LaTeX Font Info:    Checking defaults for OMX/cmex/m/n on input line 25.
LaTeX Font Info:    ... okay on input line 25.
LaTeX Font Info:    Checking defaults for U/cmr/m/n on input line 25.
LaTeX Font Info:    ... okay on input line 25.
LaTeX Font Info:    Checking defaults for PD1/pdf/m/n on input line 25.
LaTeX Font Info:    ... okay on input line 25.

(C:\Users\fredd\AppData\Local\Programs\MiKTeX\tex/context/base/mkii\supp-pdf.mk
ii
[Loading MPS to PDF converter (version 2006.09.02).]
\scratchcounter=\count279
\scratchdimen=\dimen154
\scratchbox=\box52
\nofMPsegments=\count280
\nofMParguments=\count281
\everyMPshowfont=\toks24
\MPscratchCnt=\count282
\MPscratchDim=\dimen155
\MPnumerator=\count283
\makeMPintoPDFobject=\count284
\everyMPtoPDFconversion=\toks25
)
(C:\Users\fredd\AppData\Local\Programs\MiKTeX\tex/latex/epstopdf-pkg\epstopdf-b
ase.sty
Package: epstopdf-base 2020-01-24 v2.11 Base part for package epstopdf

(C:\Users\fredd\AppData\Local\Programs\MiKTeX\tex/latex/grfext\grfext.sty
Package: grfext 2019/12/03 v1.3 Manage graphics extensions (HO)
)
Package epstopdf-base Info: Redefining graphics rule for `.eps' on input line 4
85.
Package grfext Info: Graphics extension search list:
(grfext)             [.pdf,.png,.jpg,.mps,.jpeg,.jbig2,.jb2,.PDF,.PNG,.JPG,.JPE
G,.JBIG2,.JB2,.eps]
(grfext)             \AppendGraphicsExtensions on input line 504.
)
Package hyperref Info: Link coloring OFF on input line 25.

(C:\Users\fredd\AppData\Local\Programs\MiKTeX\tex/latex/hyperref\nameref.sty
Package: nameref 2019/09/16 v2.46 Cross-referencing by name of section

(C:\Users\fredd\AppData\Local\Programs\MiKTeX\tex/latex/refcount\refcount.sty
Package: refcount 2019/12/15 v3.6 Data extraction from label references (HO)
)
(C:\Users\fredd\AppData\Local\Programs\MiKTeX\tex/generic/gettitlestring\gettit
lestring.sty
Package: gettitlestring 2019/12/15 v1.6 Cleanup title references (HO)
)
\c@section@level=\count285
)
LaTeX Info: Redefining \ref on input line 25.
LaTeX Info: Redefining \pageref on input line 25.
LaTeX Info: Redefining \nameref on input line 25.
 (template_Article.out) (template_Article.out)
\@outlinefile=\write3
\openout3 = `template_Article.out'.

 [1

{C:/Users/fredd/AppData/Local/MiKTeX/pdftex/config/pdftex.map}]
Underfull \hbox (badness 10000) in paragraph at lines 106--107

 []


Overfull \hbox (7.08383pt too wide) in paragraph at lines 108--109
[]\OT1/cmr/m/n/10 Um die Forschungs-frage zu beant-worten, wurde auf zwei ver-s
chiede-nen Karten,
 []


Overfull \hbox (2.44392pt too wide) in paragraph at lines 108--109
\OT1/cmr/m/n/10 in jew-eils 100 It-er-a-tio-nen in jeder Kon-stel-la-tion die A
I gegen einan-der anzutreten. 
 []


Underfull \hbox (badness 10000) in paragraph at lines 108--109

 []

LaTeX Font Info:    Trying to load font information for U+msa on input line 110
.
(C:\Users\fredd\AppData\Local\Programs\MiKTeX\tex/latex/amsfonts\umsa.fd
File: umsa.fd 2013/01/14 v3.01 AMS symbols A
)
LaTeX Font Info:    Trying to load font information for U+msb on input line 110
.

(C:\Users\fredd\AppData\Local\Programs\MiKTeX\tex/latex/amsfonts\umsb.fd
File: umsb.fd 2013/01/14 v3.01 AMS symbols B
)
Underfull \hbox (badness 10000) in paragraph at lines 110--111

 []

pdfTeX warning (ext4): destination with the same identifier (name{page.1}) has 
been already used, duplicate ignored
<to be read again> 
                   \relax 
l.113 \end{abstract}
                     [1]
Underfull \hbox (badness 10000) in paragraph at lines 118--119

 []


Underfull \hbox (badness 10000) in paragraph at lines 120--121

 []


Underfull \hbox (badness 10000) in paragraph at lines 122--123

 []

pdfTeX warning (ext4): destination with the same identifier (name{page.1}) has 
been already used, duplicate ignored
<to be read again> 
                   \relax 
l.125 \end{abstract}
                     [1]
Overfull \hbox (40.35pt too wide) in paragraph at lines 143--147
[] 
 []

pdfTeX warning (ext4): destination with the same identifier (name{page.1}) has 
been already used, duplicate ignored
<to be read again> 
                   \relax 
l.147 	\newpage
                [1

] (template_Article.tocpdfTeX warning (ext4): destination with the same identif
ier (name{page.1}) has been already used, duplicate ignored
<to be read again> 
                   \relax 
l.32 ...er}{\numberline {5}Results}{19}{chapter.5}
                                                  % [1

])
\tf@toc=\write4
\openout4 = `template_Article.toc'.

 [2]
Chapter 1.
Package acronym Info: Label `acro:IM' newly defined as it shall be overridden
although it is yet undefined on input line 154.
Package acronym Info: Label `acro:AI' newly defined as it shall be overridden
although it is yet undefined on input line 154.
[3

]
Underfull \hbox (badness 10000) in paragraph at lines 169--170

 []

[4]
Chapter 2.

Underfull \hbox (badness 10000) in paragraph at lines 174--177

 []


Underfull \hbox (badness 10000) in paragraph at lines 174--177

 []

[5

]
Chapter 3.
Package acronym Info: Label `acro:RTS' newly defined as it shall be overridden
although it is yet undefined on input line 181.

Underfull \hbox (badness 10000) in paragraph at lines 181--182

 []


Underfull \hbox (badness 10000) in paragraph at lines 185--186

 []

[6

]
Underfull \hbox (badness 10000) in paragraph at lines 208--211

 []

[7]
Package acronym Info: Label `acro:FOW' newly defined as it shall be overridden
although it is yet undefined on input line 243.
Package acronym Info: Label `acro:SK' newly defined as it shall be overridden
although it is yet undefined on input line 243.
 [8]
Underfull \hbox (badness 10000) in paragraph at lines 246--247

 []

<Images/screenshot001_2dGrid.png, id=411, 481.8pt x 271.0125pt>
File: Images/screenshot001_2dGrid.png Graphic file (type png)
<use Images/screenshot001_2dGrid.png>
Package pdftex.def Info: Images/screenshot001_2dGrid.png  used on input line 25
3.
(pdftex.def)             Requested size: 345.0pt x 194.06606pt.
<Images/screenshot001_2dGrid2.png, id=424, 481.8pt x 271.0125pt>
File: Images/screenshot001_2dGrid2.png Graphic file (type png)
<use Images/screenshot001_2dGrid2.png>
Package pdftex.def Info: Images/screenshot001_2dGrid2.png  used on input line 2
59.
(pdftex.def)             Requested size: 345.0pt x 194.06606pt.
[9 <./Images/screenshot001_2dGrid.png (PNG copy)>] [10 <./Images/screenshot001_
2dGrid2.png (PNG copy)>]
<Images/screenshot001_aregraph1.png, id=451, 481.8pt x 271.0125pt>
File: Images/screenshot001_aregraph1.png Graphic file (type png)
<use Images/screenshot001_aregraph1.png>
Package pdftex.def Info: Images/screenshot001_aregraph1.png  used on input line
 270.
(pdftex.def)             Requested size: 345.0pt x 194.06606pt.
<Images/screenshot001_aregraph2.png, id=456, 481.8pt x 271.0125pt>
File: Images/screenshot001_aregraph2.png Graphic file (type png)
<use Images/screenshot001_aregraph2.png>
Package pdftex.def Info: Images/screenshot001_aregraph2.png  used on input line
 277.
(pdftex.def)             Requested size: 345.0pt x 194.06606pt.


LaTeX Warning: `!h' float specifier changed to `!ht'.

[11 <./Images/screenshot001_aregraph1.png (PNG copy)>] [12 <./Images/screenshot
001_aregraph2.png (PNG copy)>] [13] [14] [15]
Chapter 4.
[16

]
<Images/open map.png, id=534, 715.92468pt x 423.08063pt>
File: Images/open map.png Graphic file (type png)
<use Images/open map.png>
Package pdftex.def Info: Images/open map.png  used on input line 402.
(pdftex.def)             Requested size: 345.0pt x 203.88335pt.
 [17 <./Images/open map.png>]
<Images/closemap.png, id=542, 716.6775pt x 424.58624pt>
File: Images/closemap.png Graphic file (type png)
<use Images/closemap.png>
Package pdftex.def Info: Images/closemap.png  used on input line 411.
(pdftex.def)             Requested size: 345.0pt x 204.39511pt.
 [18

 <./Images/closemap.png>]
Chapter 5.
<Images/100 Games Shared vs Unshared Open Map.png, id=555, 628.3475pt x 581.171
25pt>
File: Images/100 Games Shared vs Unshared Open Map.png Graphic file (type png)
<use Images/100 Games Shared vs Unshared Open Map.png>
Package pdftex.def Info: Images/100 Games Shared vs Unshared Open Map.png  used
 on input line 425.
(pdftex.def)             Requested size: 310.4979pt x 287.17961pt.

LaTeX Warning: `!h' float specifier changed to `!ht'.

[19

] [20 <./Images/100 Games Shared vs Unshared Open Map.png>]
<Images/100 Games Unshared vs Shared Open Map.png, id=568, 584.1825pt x 581.171
25pt>
File: Images/100 Games Unshared vs Shared Open Map.png Graphic file (type png)
<use Images/100 Games Unshared vs Shared Open Map.png>
Package pdftex.def Info: Images/100 Games Unshared vs Shared Open Map.png  used
 on input line 435.
(pdftex.def)             Requested size: 310.4979pt x 308.90608pt.
 [21

 <./Images/100 Games Unshared vs Shared Open Map.png>]
<Images/100 Games Shared vs Shared Open Map.png, id=578, 600.2425pt x 581.17125
pt>
File: Images/100 Games Shared vs Shared Open Map.png Graphic file (type png)
<use Images/100 Games Shared vs Shared Open Map.png>
Package pdftex.def Info: Images/100 Games Shared vs Shared Open Map.png  used o
n input line 445.
(pdftex.def)             Requested size: 310.4979pt x 300.64116pt.
 [22

 <./Images/100 Games Shared vs Shared Open Map.png>]
<Images/100 Games Unshared vs Unshared Open Map.png, id=587, 625.33624pt x 581.
17125pt>
File: Images/100 Games Unshared vs Unshared Open Map.png Graphic file (type png
)
<use Images/100 Games Unshared vs Unshared Open Map.png>
Package pdftex.def Info: Images/100 Games Unshared vs Unshared Open Map.png  us
ed on input line 455.
(pdftex.def)             Requested size: 310.4979pt x 288.57188pt.
 [23

 <./Images/100 Games Unshared vs Unshared Open Map.png>]
<Images/100 Games Shared vs Unshared Close Map.png, id=596, 618.31pt x 581.1712
5pt>
File: Images/100 Games Shared vs Unshared Close Map.png Graphic file (type png)

<use Images/100 Games Shared vs Unshared Close Map.png>
Package pdftex.def Info: Images/100 Games Shared vs Unshared Close Map.png  use
d on input line 466.
(pdftex.def)             Requested size: 310.4979pt x 291.85303pt.

[24

 <./Images/100 Games Shared vs Unshared Close Map.png>]
<Images/100 Games Unshared vs Shared Close Map.png, id=605, 559.08875pt x 581.1
7125pt>
File: Images/100 Games Unshared vs Shared Close Map.png Graphic file (type png)

<use Images/100 Games Unshared vs Shared Close Map.png>
Package pdftex.def Info: Images/100 Games Unshared vs Shared Close Map.png  use
d on input line 478.
(pdftex.def)             Requested size: 310.4979pt x 322.77556pt.
 [25

 <./Images/100 Games Unshared vs Shared Close Map.png>]
<Images/100 Games Shared vs Shared Close Map.png, id=614, 610.28pt x 581.17125p
t>
File: Images/100 Games Shared vs Shared Close Map.png Graphic file (type png)
<use Images/100 Games Shared vs Shared Close Map.png>
Package pdftex.def Info: Images/100 Games Shared vs Shared Close Map.png  used 
on input line 490.
(pdftex.def)             Requested size: 310.4979pt x 295.7017pt.
 [26

 <./Images/100 Games Shared vs Shared Close Map.png>]
<Images/100 Games Unshared vs Unshared Close Map.png, id=623, 559.08875pt x 581
.17125pt>
File: Images/100 Games Unshared vs Unshared Close Map.png Graphic file (type pn
g)
<use Images/100 Games Unshared vs Unshared Close Map.png>
Package pdftex.def Info: Images/100 Games Unshared vs Unshared Close Map.png  u
sed on input line 500.
(pdftex.def)             Requested size: 310.4979pt x 322.77556pt.
 [27


 <./Images/100 Games Unshared vs Unshared Close Map.png>]
Chapter 6.
[28

]
Chapter 7.

Underfull \hbox (badness 10000) in paragraph at lines 514--515

 []


Underfull \hbox (badness 10000) in paragraph at lines 516--517

 []

Package acronym Info: Label `acro:GOAP' newly defined as it shall be overridden

although it is yet undefined on input line 518.
Package acronym Info: Label `acro:FSM' newly defined as it shall be overridden
although it is yet undefined on input line 518.

Underfull \hbox (badness 10000) in paragraph at lines 518--519

 []

[29

]
Chapter 8.
[30

] (template_Article.lof)
\tf@lof=\write5
\openout5 = `template_Article.lof'.

 [31

] (template_Article.lot)
\tf@lot=\write6
\openout6 = `template_Article.lot'.

 (template_Article.bbl
[32

]
Underfull \hbox (badness 10000) in paragraph at lines 19--23
[]\OT1/cmr/m/n/10 Alex J. Cham-pan-dard.  The core me-chan-ics of in-flu-
 []


Underfull \hbox (badness 10000) in paragraph at lines 19--23
\OT1/cmr/m/n/10 ence map-ping, April 2021.  URL []$\OT1/cmtt/m/n/10 https : / /
 www . gamedev .
 []


Underfull \hbox (badness 10000) in paragraph at lines 19--23
\OT1/cmtt/m/n/10 net / tutorials / programming / artificial-[]intelligence /
 []

) [33

] (template_Article.aux)
Package rerunfilecheck Info: File `template_Article.out' has not changed.
(rerunfilecheck)             Checksum: B8D3CFC64361C4F2ECAB7468F6391DA8;3003.
 ) 
Here is how much of TeX's memory you used:
 7865 strings out of 479697
 121264 string characters out of 2867132
 438342 words of memory out of 3000000
 24655 multiletter control sequences out of 15000+200000
 409308 words of font info for 49 fonts, out of 3000000 for 9000
 1141 hyphenation exceptions out of 8191
 66i,8n,72p,970b,443s stack positions out of 5000i,500n,10000p,200000b,50000s
 <C:\Users\fredd\AppData\Local\MiKTeX\fonts/pk/ljfour/jknappen/ec/dpi600\tcrm
1000.pk><C:/Users/fredd/AppData/Local/Programs/MiKTeX/fonts/type1/public/amsfon
ts/cm/cmbx10.pfb><C:/Users/fredd/AppData/Local/Programs/MiKTeX/fonts/type1/publ
ic/amsfonts/cm/cmbx12.pfb><C:/Users/fredd/AppData/Local/Programs/MiKTeX/fonts/t
ype1/public/amsfonts/cm/cmcsc10.pfb><C:/Users/fredd/AppData/Local/Programs/MiKT
eX/fonts/type1/public/amsfonts/cm/cmex10.pfb><C:/Users/fredd/AppData/Local/Prog
rams/MiKTeX/fonts/type1/public/amsfonts/cm/cmmi10.pfb><C:/Users/fredd/AppData/L
ocal/Programs/MiKTeX/fonts/type1/public/amsfonts/cm/cmmi7.pfb><C:/Users/fredd/A
ppData/Local/Programs/MiKTeX/fonts/type1/public/amsfonts/cm/cmr10.pfb><C:/Users
/fredd/AppData/Local/Programs/MiKTeX/fonts/type1/public/amsfonts/cm/cmr17.pfb><
C:/Users/fredd/AppData/Local/Programs/MiKTeX/fonts/type1/public/amsfonts/cm/cmr
7.pfb><C:/Users/fredd/AppData/Local/Programs/MiKTeX/fonts/type1/public/amsfonts
/cm/cmr9.pfb><C:/Users/fredd/AppData/Local/Programs/MiKTeX/fonts/type1/public/a
msfonts/cm/cmsy10.pfb><C:/Users/fredd/AppData/Local/Programs/MiKTeX/fonts/type1
/public/amsfonts/cm/cmti10.pfb><C:/Users/fredd/AppData/Local/Programs/MiKTeX/fo
nts/type1/public/amsfonts/cm/cmtt10.pfb>
Output written on template_Article.pdf (37 pages, 4032434 bytes).
PDF statistics:
 832 PDF objects out of 1000 (max. 8388607)
 137 named destinations out of 1000 (max. 500000)
 439 words of extra memory for PDF output out of 10000 (max. 10000000)

